2025-12-17 18:13:49,293 - INFO - ðŸ§ª Running in test mode
2025-12-17 18:13:49,418 - INFO - âœ… Connected to database: newera
2025-12-17 18:13:49,500 - INFO - ðŸ“Š New data in cg_spot_price_history: 109404 records (Priority: HIGH_PRIORITY)
2025-12-17 18:13:49,501 - INFO -    Time range: 1735666200000 to 1765969920000
2025-12-17 18:13:49,501 - INFO -    Recent records: 7
2025-12-17 18:13:49,501 - INFO -    Reason: Minimum threshold met: 109404 >= 5
2025-12-17 18:13:49,567 - INFO - ðŸ“Š New data in cg_funding_rate_history: 52785 records (Priority: HIGH_PRIORITY)
2025-12-17 18:13:49,567 - INFO -    Time range: 1735668000000 to 1765969980000
2025-12-17 18:13:49,567 - INFO -    Recent records: 15
2025-12-17 18:13:49,567 - INFO -    Reason: Minimum threshold met: 52785 >= 3
2025-12-17 18:13:49,593 - WARNING - ðŸš¨ URGENT: 18 new records in cg_futures_basis_history within 2 minutes!
2025-12-17 18:13:49,593 - INFO - ðŸš¨ Urgent condition detected for cg_futures_basis_history
2025-12-17 18:13:49,728 - INFO - ðŸ“Š New data in cg_futures_basis_history: 313477 records (Priority: HIGH_PRIORITY)
2025-12-17 18:13:49,728 - INFO -    Time range: 1735668000000 to 1765969980000
2025-12-17 18:13:49,729 - INFO -    Recent records: 90
2025-12-17 18:13:49,729 - INFO -    Reason: Minimum threshold met: 313477 >= 3
2025-12-17 18:13:50,180 - INFO - ðŸ“Š New data in cg_spot_aggregated_taker_volume_history: 670082 records (Priority: HIGH_PRIORITY)
2025-12-17 18:13:50,180 - INFO -    Time range: 1735666200000 to 1765969920000
2025-12-17 18:13:50,180 - INFO -    Recent records: 42
2025-12-17 18:13:50,180 - INFO -    Reason: Minimum threshold met: 670082 >= 5
2025-12-17 18:13:50,245 - INFO - ðŸ“Š New data in cg_long_short_global_account_ratio_history: 52730 records (Priority: HIGH_PRIORITY)
2025-12-17 18:13:50,245 - INFO -    Time range: 1735668000000 to 1765969980000
2025-12-17 18:13:50,245 - INFO -    Recent records: 26
2025-12-17 18:13:50,245 - INFO -    Reason: Minimum threshold met: 52730 >= 2
2025-12-17 18:13:50,310 - INFO - ðŸ“Š New data in cg_long_short_top_account_ratio_history: 52729 records (Priority: HIGH_PRIORITY)
2025-12-17 18:13:50,310 - INFO -    Time range: 1735668000000 to 1765969980000
2025-12-17 18:13:50,310 - INFO -    Recent records: 26
2025-12-17 18:13:50,310 - INFO -    Reason: Minimum threshold met: 52729 >= 2
2025-12-17 18:13:50,310 - INFO - ðŸ“Š Monitoring cycle: 6 tables checked, 0 tables skipped
2025-12-17 18:13:50,310 - INFO - ðŸŽ¯ Training trigger priority order: ['cg_spot_price_history(HIGH_PRIORITY)', 'cg_funding_rate_history(HIGH_PRIORITY)', 'cg_futures_basis_history(HIGH_PRIORITY)', 'cg_spot_aggregated_taker_volume_history(HIGH_PRIORITY)', 'cg_long_short_global_account_ratio_history(HIGH_PRIORITY)', 'cg_long_short_top_account_ratio_history(HIGH_PRIORITY)']
2025-12-17 18:13:50,311 - ERROR - Error triggering training: name 'table' is not defined
2025-12-17 18:13:50,311 - INFO - Test completed: No new data found
2025-12-17 18:14:07,705 - INFO - ðŸ§ª Running in test mode
2025-12-17 18:14:07,839 - INFO - âœ… Connected to database: newera
2025-12-17 18:14:07,922 - INFO - ðŸ“Š New data in cg_spot_price_history: 109405 records (Priority: HIGH_PRIORITY)
2025-12-17 18:14:07,922 - INFO -    Time range: 1735666200000 to 1765969980000
2025-12-17 18:14:07,922 - INFO -    Recent records: 6
2025-12-17 18:14:07,922 - INFO -    Reason: Minimum threshold met: 109405 >= 5
2025-12-17 18:14:07,990 - INFO - ðŸ“Š New data in cg_funding_rate_history: 52785 records (Priority: HIGH_PRIORITY)
2025-12-17 18:14:07,991 - INFO -    Time range: 1735668000000 to 1765969980000
2025-12-17 18:14:07,991 - INFO -    Recent records: 14
2025-12-17 18:14:07,991 - INFO -    Reason: Minimum threshold met: 52785 >= 3
2025-12-17 18:14:08,127 - INFO - ðŸ“Š New data in cg_futures_basis_history: 313477 records (Priority: HIGH_PRIORITY)
2025-12-17 18:14:08,127 - INFO -    Time range: 1735668000000 to 1765969980000
2025-12-17 18:14:08,127 - INFO -    Recent records: 84
2025-12-17 18:14:08,127 - INFO -    Reason: Minimum threshold met: 313477 >= 3
2025-12-17 18:14:08,352 - INFO - ðŸ“Š New data in cg_spot_aggregated_taker_volume_history: 670082 records (Priority: HIGH_PRIORITY)
2025-12-17 18:14:08,352 - INFO -    Time range: 1735666200000 to 1765969920000
2025-12-17 18:14:08,352 - INFO -    Recent records: 30
2025-12-17 18:14:08,352 - INFO -    Reason: Minimum threshold met: 670082 >= 5
2025-12-17 18:14:08,420 - INFO - ðŸ“Š New data in cg_long_short_global_account_ratio_history: 52730 records (Priority: HIGH_PRIORITY)
2025-12-17 18:14:08,420 - INFO -    Time range: 1735668000000 to 1765969980000
2025-12-17 18:14:08,420 - INFO -    Recent records: 25
2025-12-17 18:14:08,420 - INFO -    Reason: Minimum threshold met: 52730 >= 2
2025-12-17 18:14:08,488 - INFO - ðŸ“Š New data in cg_long_short_top_account_ratio_history: 52729 records (Priority: HIGH_PRIORITY)
2025-12-17 18:14:08,488 - INFO -    Time range: 1735668000000 to 1765969980000
2025-12-17 18:14:08,488 - INFO -    Recent records: 25
2025-12-17 18:14:08,488 - INFO -    Reason: Minimum threshold met: 52729 >= 2
2025-12-17 18:14:08,488 - INFO - ðŸ“Š Monitoring cycle: 6 tables checked, 0 tables skipped
2025-12-17 18:14:08,488 - INFO - ðŸŽ¯ Training trigger priority order: ['cg_spot_price_history(HIGH_PRIORITY)', 'cg_funding_rate_history(HIGH_PRIORITY)', 'cg_futures_basis_history(HIGH_PRIORITY)', 'cg_spot_aggregated_taker_volume_history(HIGH_PRIORITY)', 'cg_long_short_global_account_ratio_history(HIGH_PRIORITY)', 'cg_long_short_top_account_ratio_history(HIGH_PRIORITY)']
2025-12-17 18:14:08,489 - INFO - ðŸš€ Triggered real-time training for 6 tables
2025-12-17 18:14:09,522 - INFO - ðŸ“± Telegram notification sent
2025-12-17 18:14:09,522 - INFO - âœ… Updated last_processed timestamps
2025-12-17 18:14:09,523 - INFO - Test completed: Found new data
2025-12-17 18:44:33,194 - INFO - ðŸ§ª Running in test mode
2025-12-17 18:44:33,316 - INFO - âœ… Connected to database: newera
2025-12-17 18:44:33,366 - INFO - ðŸ“Š New data in cg_spot_price_history: 49 records (Priority: HIGH_PRIORITY)
2025-12-17 18:44:33,366 - INFO -    Time range: 1765970040000 to 1765971780000
2025-12-17 18:44:33,366 - INFO -    Recent records: 6
2025-12-17 18:44:33,366 - INFO -    Reason: Minimum threshold met: 49 >= 5
2025-12-17 18:44:33,415 - INFO - ðŸ“Š New data in cg_funding_rate_history: 50 records (Priority: HIGH_PRIORITY)
2025-12-17 18:44:33,415 - INFO -    Time range: 1765970040000 to 1765971840000
2025-12-17 18:44:33,416 - INFO -    Recent records: 15
2025-12-17 18:44:33,416 - INFO -    Reason: Minimum threshold met: 50 >= 3
2025-12-17 18:44:33,465 - INFO - ðŸ“Š New data in cg_futures_basis_history: 294 records (Priority: HIGH_PRIORITY)
2025-12-17 18:44:33,465 - INFO -    Time range: 1765970040000 to 1765971780000
2025-12-17 18:44:33,466 - INFO -    Recent records: 84
2025-12-17 18:44:33,466 - INFO -    Reason: Minimum threshold met: 294 >= 3
2025-12-17 18:44:33,516 - INFO - ðŸ“Š New data in cg_spot_aggregated_taker_volume_history: 300 records (Priority: HIGH_PRIORITY)
2025-12-17 18:44:33,516 - INFO -    Time range: 1765969980000 to 1765971780000
2025-12-17 18:44:33,516 - INFO -    Recent records: 36
2025-12-17 18:44:33,516 - INFO -    Reason: Minimum threshold met: 300 >= 5
2025-12-17 18:44:33,566 - INFO - ðŸ“Š New data in cg_long_short_global_account_ratio_history: 50 records (Priority: HIGH_PRIORITY)
2025-12-17 18:44:33,566 - INFO -    Time range: 1765970040000 to 1765971840000
2025-12-17 18:44:33,566 - INFO -    Recent records: 25
2025-12-17 18:44:33,566 - INFO -    Reason: Minimum threshold met: 50 >= 2
2025-12-17 18:44:33,616 - INFO - ðŸ“Š New data in cg_long_short_top_account_ratio_history: 49 records (Priority: HIGH_PRIORITY)
2025-12-17 18:44:33,617 - INFO -    Time range: 1765970040000 to 1765971780000
2025-12-17 18:44:33,617 - INFO -    Recent records: 24
2025-12-17 18:44:33,617 - INFO -    Reason: Minimum threshold met: 49 >= 2
2025-12-17 18:44:33,618 - INFO - ðŸ“Š Monitoring cycle: 6 tables checked, 0 tables skipped
2025-12-17 18:44:33,618 - INFO - ðŸŽ¯ Training trigger priority order: ['cg_spot_price_history(HIGH_PRIORITY)', 'cg_funding_rate_history(HIGH_PRIORITY)', 'cg_futures_basis_history(HIGH_PRIORITY)', 'cg_spot_aggregated_taker_volume_history(HIGH_PRIORITY)', 'cg_long_short_global_account_ratio_history(HIGH_PRIORITY)', 'cg_long_short_top_account_ratio_history(HIGH_PRIORITY)']
2025-12-17 18:44:33,619 - INFO - ðŸš€ Triggered real-time training for 6 tables
2025-12-17 18:44:34,566 - INFO - ðŸ“± Telegram notification sent
2025-12-17 18:44:34,567 - INFO - âœ… Updated last_processed timestamps
2025-12-17 18:44:34,572 - INFO - Test completed: Found new data
2025-12-17 18:44:39,404 - INFO - ðŸ§ª Running in test mode
2025-12-17 18:44:39,538 - INFO - âœ… Connected to database: newera
2025-12-17 18:44:39,856 - INFO - ðŸ“ 1 new records in cg_long_short_top_account_ratio_history (below threshold)
2025-12-17 18:44:39,857 - INFO - ðŸ“Š Monitoring cycle: 6 tables checked, 0 tables skipped
2025-12-17 18:44:39,857 - INFO - Test completed: No new data found
2025-12-17 18:52:28,998 - INFO - ðŸ§ª Running in test mode
2025-12-17 18:52:29,130 - INFO - âœ… Connected to database: newera
2025-12-17 18:52:29,183 - INFO - ðŸ“Š New data in cg_spot_price_history: 14 records (Priority: HIGH_PRIORITY)
2025-12-17 18:52:29,183 - INFO -    Time range: 1765971840000 to 1765972260000
2025-12-17 18:52:29,184 - INFO -    Recent records: 7
2025-12-17 18:52:29,184 - INFO -    Reason: Minimum threshold met: 14 >= 5
2025-12-17 18:52:29,237 - INFO - ðŸ“Š New data in cg_funding_rate_history: 14 records (Priority: HIGH_PRIORITY)
2025-12-17 18:52:29,237 - INFO -    Time range: 1765971900000 to 1765972320000
2025-12-17 18:52:29,237 - INFO -    Recent records: 14
2025-12-17 18:52:29,237 - INFO -    Reason: Minimum threshold met: 14 >= 3
2025-12-17 18:52:29,264 - WARNING - ðŸš¨ URGENT: 14 new records in cg_futures_basis_history within 2 minutes!
2025-12-17 18:52:29,264 - INFO - ðŸš¨ Urgent condition detected for cg_futures_basis_history
2025-12-17 18:52:29,291 - INFO - ðŸ“Š New data in cg_futures_basis_history: 86 records (Priority: HIGH_PRIORITY)
2025-12-17 18:52:29,291 - INFO -    Time range: 1765971840000 to 1765972320000
2025-12-17 18:52:29,291 - INFO -    Recent records: 86
2025-12-17 18:52:29,291 - INFO -    Reason: Minimum threshold met: 86 >= 3
2025-12-17 18:52:29,345 - INFO - ðŸ“Š New data in cg_spot_aggregated_taker_volume_history: 81 records (Priority: HIGH_PRIORITY)
2025-12-17 18:52:29,345 - INFO -    Time range: 1765971840000 to 1765972320000
2025-12-17 18:52:29,345 - INFO -    Recent records: 39
2025-12-17 18:52:29,345 - INFO -    Reason: Minimum threshold met: 81 >= 5
2025-12-17 18:52:29,400 - INFO - ðŸ“Š New data in cg_long_short_global_account_ratio_history: 14 records (Priority: HIGH_PRIORITY)
2025-12-17 18:52:29,400 - INFO -    Time range: 1765971900000 to 1765972320000
2025-12-17 18:52:29,400 - INFO -    Recent records: 14
2025-12-17 18:52:29,400 - INFO -    Reason: Minimum threshold met: 14 >= 2
2025-12-17 18:52:29,454 - INFO - ðŸ“Š New data in cg_long_short_top_account_ratio_history: 15 records (Priority: HIGH_PRIORITY)
2025-12-17 18:52:29,454 - INFO -    Time range: 1765971840000 to 1765972320000
2025-12-17 18:52:29,454 - INFO -    Recent records: 15
2025-12-17 18:52:29,454 - INFO -    Reason: Minimum threshold met: 15 >= 2
2025-12-17 18:52:29,454 - INFO - ðŸ“Š Monitoring cycle: 6 tables checked, 0 tables skipped
2025-12-17 18:52:29,454 - INFO - ðŸŽ¯ Training trigger priority order: ['cg_spot_price_history(HIGH_PRIORITY)', 'cg_funding_rate_history(HIGH_PRIORITY)', 'cg_futures_basis_history(HIGH_PRIORITY)', 'cg_spot_aggregated_taker_volume_history(HIGH_PRIORITY)', 'cg_long_short_global_account_ratio_history(HIGH_PRIORITY)', 'cg_long_short_top_account_ratio_history(HIGH_PRIORITY)']
2025-12-17 18:52:29,455 - INFO - ðŸš€ Triggered real-time training for 6 tables
2025-12-17 18:52:30,254 - INFO - ðŸ“± Telegram notification sent
2025-12-17 18:52:30,254 - INFO - âœ… Updated last_processed timestamps
2025-12-17 18:52:30,259 - INFO - Test completed: Found new data
